[0707/093114:ERROR:network_change_notifier_win.cc(111)] WSALookupServiceBegin failed with: 10091
[0707/093120:ERROR:network_change_notifier_win.cc(111)] WSALookupServiceBegin failed with: 10091
[0707/093125:INFO:CONSOLE(0)] "Refused to display document because display forbidden by X-Frame-Options.
," source: (0)
[0707/093133:VERBOSE1:ssl_host_info.cc(113)] Kicking off verification for plusone.google.com
[0707/093133:VERBOSE1:ssl_host_info.cc(193)] Verification took 0ms
[0707/094216:ERROR:network_change_notifier_win.cc(111)] WSALookupServiceBegin failed with: 10091
[0707/094219:ERROR:network_change_notifier_win.cc(111)] WSALookupServiceBegin failed with: 10091
[0707/094222:ERROR:network_change_notifier_win.cc(111)] WSALookupServiceBegin failed with: 10091
[0707/101022:ERROR:network_change_notifier_win.cc(111)] WSALookupServiceBegin failed with: 10091
[0707/101036:ERROR:network_change_notifier_win.cc(111)] WSALookupServiceBegin failed with: 10091
[0707/101046:ERROR:network_change_notifier_win.cc(111)] WSALookupServiceBegin failed with: 10091
[0707/101128:ERROR:network_change_notifier_win.cc(111)] WSALookupServiceBegin failed with: 10091
[0707/101241:ERROR:network_change_notifier_win.cc(111)] WSALookupServiceBegin failed with: 10091
[0707/101246:ERROR:network_change_notifier_win.cc(111)] WSALookupServiceBegin failed with: 10091
[0707/101443:ERROR:network_change_notifier_win.cc(111)] WSALookupServiceBegin failed with: 10091
[0707/101451:ERROR:network_change_notifier_win.cc(111)] WSALookupServiceBegin failed with: 10091
[0707/101500:ERROR:network_change_notifier_win.cc(111)] WSALookupServiceBegin failed with: 10091
[0707/101504:ERROR:network_change_notifier_win.cc(111)] WSALookupServiceBegin failed with: 10091
[0707/111824:ERROR:network_change_notifier_win.cc(111)] WSALookupServiceBegin failed with: 10091
[0707/111845:ERROR:network_change_notifier_win.cc(111)] WSALookupServiceBegin failed with: 10091
[0707/112203:ERROR:network_change_notifier_win.cc(111)] WSALookupServiceBegin failed with: 10091
[0707/112237:ERROR:network_change_notifier_win.cc(111)] WSALookupServiceBegin failed with: 10091
[0707/112416:ERROR:network_change_notifier_win.cc(111)] WSALookupServiceBegin failed with: 10091
[0707/112644:ERROR:network_change_notifier_win.cc(111)] WSALookupServiceBegin failed with: 10091
[0707/135335:ERROR:network_change_notifier_win.cc(111)] WSALookupServiceBegin failed with: 10091
[0707/142644:ERROR:network_change_notifier_win.cc(111)] WSALookupServiceBegin failed with: 10091
