
[2012-07-04 19:13:22] Traceback (most recent call last):

  File "cefadvanced.py", line 105, in <module>
    CefAdvanced()

  File "cefadvanced.py", line 51, in CefAdvanced
    print "focused frame: %s" % browser.GetFocusedFrame()

  File "cefpython.pyx", line 327, in cefpython.Browser.GetFocusedFrame (cefpython.cpp:4833)

  File "cefpython.pyx", line 372, in cefpython.Frame.__init__ (cefpython.cpp:5224)

TypeError: __init__() takes exactly 2 positional arguments (1 given)


[2012-07-04 19:26:37] Traceback (most recent call last):

  File "cefadvanced.py", line 105, in <module>
    CefAdvanced()

  File "cefadvanced.py", line 51, in CefAdvanced
    print "focused frame: %s" % browser.GetFocusedFrame()

  File "cefpython.pyx", line 328, in cefpython.Browser.GetFocusedFrame (cefpython.cpp:4861)

NameError: __pyFrames


[2012-07-04 20:10:52] Traceback (most recent call last):

  File "cefadvanced.py", line 106, in <module>
    CefAdvanced()

  File "cefadvanced.py", line 51, in CefAdvanced
    browser.GetMainFrame().ExecuteJavascript("alert(1)")

  File "cefpython.pyx", line 415, in cefpython.Frame.ExecuteJavascript (cefpython.cpp:5813)

AttributeError: Frame instance has no attribute 'windowID'


[2012-07-04 20:24:22] Traceback (most recent call last):

  File "cefadvanced.py", line 106, in <module>
    CefAdvanced()

  File "cefadvanced.py", line 51, in CefAdvanced
    browser.GetMainFrame().ExecuteJavascript("alert(1)")

  File "cefpython.pyx", line 430, in cefpython.Frame.ExecuteJavascript (cefpython.cpp:6001)

  File "cefpython.pyx", line 160, in cefpython.CheckFrameID (cefpython.cpp:2930)

Exception: Frame was destroyed (frameID empty)


[2012-07-04 20:31:19] Traceback (most recent call last):

  File "cefadvanced.py", line 106, in <module>
    CefAdvanced()

  File "cefadvanced.py", line 51, in CefAdvanced
    browser.GetMainFrame().ExecuteJavascript("alert(1)")

  File "cefpython.pyx", line 444, in cefpython.Frame.ExecuteJavascript (cefpython.cpp:6373)

  File "cefpython.pyx", line 173, in cefpython.CheckFrameID (cefpython.cpp:3090)

Exception: Frame was destroyed (frameID empty)


[2012-07-04 20:33:53] Traceback (most recent call last):

  File "cefadvanced.py", line 106, in <module>
    CefAdvanced()

  File "cefadvanced.py", line 51, in CefAdvanced
    browser.GetMainFrame().ExecuteJavascript("alert(1)")

  File "cefpython.pyx", line 444, in cefpython.Frame.ExecuteJavascript (cefpython.cpp:6393)

  File "cefpython.pyx", line 173, in cefpython.CheckFrameID (cefpython.cpp:3090)

Exception: Frame was destroyed (frameID empty)


[2012-07-04 20:46:10] Traceback (most recent call last):

  File "cefadvanced.py", line 111, in <module>
    CefAdvanced()

  File "cefadvanced.py", line 52, in CefAdvanced
    browser.GetMainFrame().ExecuteJavascript("alert(1)")

  File "cefpython.pyx", line 444, in cefpython.Frame.ExecuteJavascript (cefpython.cpp:6373)

  File "cefpython.pyx", line 173, in cefpython.CheckFrameID (cefpython.cpp:3090)

Exception: Frame was destroyed (frameID empty)


[2012-07-04 21:11:28] Traceback (most recent call last):

  File "cefadvanced.py", line 111, in <module>
    CefAdvanced()

  File "cefadvanced.py", line 52, in CefAdvanced
    browser.GetMainFrame().ExecuteJavascript("alert(1)")

  File "cefpython.pyx", line 444, in cefpython.Frame.ExecuteJavascript (cefpython.cpp:6373)

  File "cefpython.pyx", line 173, in cefpython.CheckFrameID (cefpython.cpp:3090)

Exception: Frame was destroyed (frameID empty)


[2012-07-05 23:13:09] Traceback (most recent call last):

  File "cefadvanced.py", line 19, in QuitApplication
    browser.CloseBrowser()

AttributeError: 'NoneType' object has no attribute 'CloseBrowser'


[2012-07-06 09:43:10] Traceback (most recent call last):

  File "cefadvanced.py", line 111, in <module>
    CefAdvanced()

  File "cefadvanced.py", line 50, in CefAdvanced
    browser = cefpython.CreateBrowser(windowID, browserSettings, "cefadvanced.html")

  File "cefpython.pyx", line 150, in cefpython.CreateBrowser (cefpython.cpp:2995)

  File "cefpython.pyx", line 208, in cefpython.Browser.__init__ (cefpython.cpp:3501)

TypeError: __init__() takes exactly 3 positional arguments (2 given)


[2012-07-06 12:41:46] Traceback (most recent call last):

  File "cefadvanced.py", line 115, in <module>
    CefAdvanced()

  File "cefadvanced.py", line 54, in CefAdvanced
    browser = cefpython.CreateBrowser(windowID, browserSettings, "cefadvanced.html", handlers)

  File "cefpython.pyx", line 153, in cefpython.CreateBrowser (cefpython.cpp:3038)

  File "cefpython.pyx", line 215, in cefpython.PyBrowser.__init__ (cefpython.cpp:3656)

TypeError: __checkHandlers() takes exactly one argument (2 given)


[2012-07-06 13:41:33] Traceback (most recent call last):

  File "cefpython.pyx", line 439, in cefpython.LoadHandler_OnLoadEnd (cefpython.cpp:6386)

  File "cefadvanced.py", line 65, in OnLoadEnd
    print "Finished loading: %s" % frame.GetURL()

AttributeError: PyFrame instance has no attribute 'GetURL'


[2012-07-06 13:42:24] Traceback (most recent call last):

  File "cefpython.pyx", line 439, in cefpython.LoadHandler_OnLoadEnd (cefpython.cpp:6388)

  File "cefadvanced.py", line 65, in OnLoadEnd
    print "Finished loading: %s" % frame.GetURL()

AttributeError: PyFrame instance has no attribute 'GetURL'


[2012-07-06 13:50:17] Traceback (most recent call last):

  File "cefpython.pyx", line 439, in cefpython.LoadHandler_OnLoadEnd (cefpython.cpp:6388)

  File "cefadvanced.py", line 65, in OnLoadEnd
    print "Finished loading: %s" % frame.GetURL()

AttributeError: PyFrame instance has no attribute 'GetURL'


[2012-07-06 14:05:52] Traceback (most recent call last):

  File "cefadvanced.py", line 18, in QuitApplication
    browser = cefpython.GetBrowserByWindowID(windowID)

  File "cefpython.pyx", line 159, in cefpython.GetBrowserByWindowID (cefpython.cpp:3154)

  File "cefpython.pyx", line 437, in cefpython.LoadHandler_OnLoadEnd (cefpython.cpp:6307)

  File "cefpython.pyx", line 727, in cefpython.GetPyBrowserByCefBrowser (cefpython.cpp:8739)

  File "cefpython.pyx", line 439, in cefpython.LoadHandler_OnLoadEnd (cefpython.cpp:6349)

  File "cefadvanced.py", line 65, in OnLoadEnd
    print "Finished loading: %s" % frame.GetURL()

AttributeError: PyFrame instance has no attribute 'GetURL'


[2012-07-06 14:06:29] Traceback (most recent call last):

  File "cefadvanced.py", line 18, in QuitApplication
    browser = cefpython.GetBrowserByWindowID(windowID)

  File "cefpython.pyx", line 159, in cefpython.GetBrowserByWindowID (cefpython.cpp:3154)

  File "cefpython.pyx", line 437, in cefpython.LoadHandler_OnLoadEnd (cefpython.cpp:6307)

  File "cefpython.pyx", line 727, in cefpython.GetPyBrowserByCefBrowser (cefpython.cpp:8739)

  File "cefpython.pyx", line 439, in cefpython.LoadHandler_OnLoadEnd (cefpython.cpp:6349)

  File "cefadvanced.py", line 65, in OnLoadEnd
    print "Finished loading: %s" % frame.GetURL()

AttributeError: PyFrame instance has no attribute 'GetURL'


[2012-07-06 14:25:20] Traceback (most recent call last):

  File "cefpython.pyx", line 445, in cefpython.LoadHandler_OnLoadEnd (cefpython.cpp:6367)

  File "cefpython.pyx", line 239, in cefpython.PyBrowser.GetHandler (cefpython.cpp:4025)

KeyError: 'OnLoadEnd'


[2012-07-06 16:40:11] Traceback (most recent call last):

  File "cefpython.pyx", line 499, in cefpython.LoadHandler_OnLoadStart (cefpython.cpp:7084)

  File "cefadvanced.py", line 64, in DocumentReady
    if not frame.IsMainFrame():

AttributeError: PyFrame instance has no attribute 'IsMainFrame'


[2012-07-06 16:40:30] Traceback (most recent call last):

  File "cefpython.pyx", line 499, in cefpython.LoadHandler_OnLoadStart (cefpython.cpp:7084)

  File "d:\cefpython\src\cefexample\cefadvanced.py", line 64, in DocumentReady
    if not frame.IsMainFrame():

AttributeError: PyFrame instance has no attribute 'IsMainFrame'


[2012-07-06 16:40:37] Traceback (most recent call last):

  File "cefpython.pyx", line 499, in cefpython.LoadHandler_OnLoadStart (cefpython.cpp:7084)

  File "d:\cefpython\src\cefexample\cefadvanced.py", line 66, in DocumentReady
    print "Finished loading: %s" % frame.getURL()

AttributeError: PyFrame instance has no attribute 'getURL'


[2012-07-06 16:54:42] Traceback (most recent call last):

  File "cefpython.pyx", line 502, in cefpython.LoadHandler_OnLoadStart (cefpython.cpp:7084)

  File "d:\cefpython\src\cefexample\cefadvanced.py", line 68, in DocumentReady
    print "GetFrame(simple): %s" % browser.GetFrame("simple2").GetURL()

AttributeError: 'NoneType' object has no attribute 'GetURL'


[2012-07-06 16:54:49] Traceback (most recent call last):

  File "cefpython.pyx", line 502, in cefpython.LoadHandler_OnLoadStart (cefpython.cpp:7084)

  File "d:\cefpython\src\cefexample\cefadvanced.py", line 68, in DocumentReady
    print "GetFrame(simple): %s" % browser.GetFrame("simple2").GetURL()

AttributeError: 'NoneType' object has no attribute 'GetURL'


[2012-07-06 16:55:40] Traceback (most recent call last):

  File "cefpython.pyx", line 502, in cefpython.LoadHandler_OnLoadStart (cefpython.cpp:7084)

  File "cefadvanced.py", line 68, in DocumentReady
    print "GetFrame(simple): %s" % browser.GetFrame("simple2").GetURL()

AttributeError: 'int' object has no attribute 'GetURL'


[2012-07-06 17:22:32] Traceback (most recent call last):

  File "cefpython.pyx", line 500, in cefpython.LoadHandler_OnLoadStart (cefpython.cpp:7084)

  File "cefadvanced.py", line 68, in DocumentReady
    print "GetFrameNames(): %s" % browser.GetFrameNames()

  File "cefpython.pyx", line 320, in cefpython.PyBrowser.GetFrameNames (cefpython.cpp:5228)

AttributeError: 'list' object has no attribute 'push'


[2012-07-06 18:36:04] Traceback (most recent call last):

  File "cefpython.pyx", line 518, in cefpython.LoadHandler_OnLoadStart (cefpython.cpp:7363)

  File "cefpython.pyx", line 811, in cefpython.GetPyBrowserByCefBrowser (cefpython.cpp:10190)

Exception: ('Inner window for the Browser not found, innerWindow = %s', 10027800)


[2012-07-06 18:36:04] Traceback (most recent call last):

  File "cefpython.pyx", line 501, in cefpython.LoadHandler_OnLoadEnd (cefpython.cpp:7065)

  File "cefpython.pyx", line 811, in cefpython.GetPyBrowserByCefBrowser (cefpython.cpp:10190)

Exception: ('Inner window for the Browser not found, innerWindow = %s', 10027800)


[2012-07-06 18:43:13] Traceback (most recent call last):

  File "cefpython.pyx", line 520, in cefpython.LoadHandler_OnLoadStart (cefpython.cpp:7365)

  File "cefpython.pyx", line 813, in cefpython.GetPyBrowserByCefBrowser (cefpython.cpp:10192)

Exception: ('Inner window for the Browser not found, innerWindow = %s', 21431214)


[2012-07-06 18:43:13] Traceback (most recent call last):

  File "cefpython.pyx", line 503, in cefpython.LoadHandler_OnLoadEnd (cefpython.cpp:7067)

  File "cefpython.pyx", line 813, in cefpython.GetPyBrowserByCefBrowser (cefpython.cpp:10192)

Exception: ('Inner window for the Browser not found, innerWindow = %s', 21431214)


[2012-07-06 20:12:11] Traceback (most recent call last):

  File "cefpython.pyx", line 524, in cefpython.LoadHandler_OnLoadStart (cefpython.cpp:7492)

  File "cefpython.pyx", line 817, in cefpython.GetPyBrowserByCefBrowser (cefpython.cpp:10329)

Exception: Browser not found in __pyBrowsers, searched by innerWindowID = 44565726


[2012-07-06 20:12:11] Traceback (most recent call last):

  File "cefpython.pyx", line 507, in cefpython.LoadHandler_OnLoadEnd (cefpython.cpp:7194)

  File "cefpython.pyx", line 817, in cefpython.GetPyBrowserByCefBrowser (cefpython.cpp:10329)

Exception: Browser not found in __pyBrowsers, searched by innerWindowID = 44565726


[2012-07-06 20:12:55] Traceback (most recent call last):

  File "d:\cefpython\src\cefexample\cefadvanced.py", line 19, in CloseApplication
    browser.CloseBrowser()

  File "cefpython.pyx", line 272, in cefpython.PyBrowser.CloseBrowser (cefpython.cpp:4594)

KeyError: 0


[2012-07-06 20:14:03] Traceback (most recent call last):

  File "cefpython.pyx", line 525, in cefpython.LoadHandler_OnLoadStart (cefpython.cpp:7501)

  File "cefpython.pyx", line 818, in cefpython.GetPyBrowserByCefBrowser (cefpython.cpp:10338)

Exception: Browser not found in __pyBrowsers, searched by innerWindowID = 44827870


[2012-07-06 20:14:03] Traceback (most recent call last):

  File "cefpython.pyx", line 508, in cefpython.LoadHandler_OnLoadEnd (cefpython.cpp:7203)

  File "cefpython.pyx", line 818, in cefpython.GetPyBrowserByCefBrowser (cefpython.cpp:10338)

Exception: Browser not found in __pyBrowsers, searched by innerWindowID = 44827870


[2012-07-06 20:16:26] Traceback (most recent call last):

  File "cefpython.pyx", line 525, in cefpython.LoadHandler_OnLoadStart (cefpython.cpp:7503)

  File "cefpython.pyx", line 823, in cefpython.GetPyBrowserByCefBrowser (cefpython.cpp:10378)

Exception: Browser not found in __pyBrowsers, searched by innerWindowID = 28050644


[2012-07-06 20:16:26] Traceback (most recent call last):

  File "cefpython.pyx", line 508, in cefpython.LoadHandler_OnLoadEnd (cefpython.cpp:7205)

  File "cefpython.pyx", line 823, in cefpython.GetPyBrowserByCefBrowser (cefpython.cpp:10378)

Exception: Browser not found in __pyBrowsers, searched by innerWindowID = 28050644


[2012-07-06 20:38:27] Traceback (most recent call last):

  File "cefpython.pyx", line 538, in cefpython.LoadHandler_OnLoadStart (cefpython.cpp:7523)

  File "cefpython.pyx", line 843, in cefpython.GetPyBrowserByCefBrowser (cefpython.cpp:10408)

  File "cefpython.pyx", line 236, in cefpython.PyBrowser.__init__ (cefpython.cpp:3862)

AssertionError: CefBrowser not found for this innerWindowID: 1180676


[2012-07-06 20:38:27] Traceback (most recent call last):

  File "cefpython.pyx", line 521, in cefpython.LoadHandler_OnLoadEnd (cefpython.cpp:7225)

  File "cefpython.pyx", line 843, in cefpython.GetPyBrowserByCefBrowser (cefpython.cpp:10408)

  File "cefpython.pyx", line 236, in cefpython.PyBrowser.__init__ (cefpython.cpp:3862)

AssertionError: CefBrowser not found for this innerWindowID: 1180676

